<?xml version="1.0" encoding="UTF-8"?>
<coverage generated="1741198230099" clover="3.2.0">
  <project timestamp="1741198230099" name="All files">
    <metrics statements="21" coveredstatements="20" conditionals="2" coveredconditionals="2" methods="13" coveredmethods="12" elements="36" coveredelements="34" complexity="0" loc="21" ncloc="21" packages="1" files="5" classes="5"/>
    <file name="asyncTesting.js" path="C:\Users\dalek\Documents\vcs\grupes\241021JSM492VAK\Mokymu-medziaga\11-js-jest\1-paskaita\asyncTesting.js">
      <metrics statements="3" coveredstatements="3" conditionals="0" coveredconditionals="0" methods="3" coveredmethods="3"/>
      <line num="2" count="1" type="stmt"/>
      <line num="3" count="1" type="stmt"/>
      <line num="7" count="1" type="stmt"/>
    </file>
    <file name="examplesTesting.js" path="C:\Users\dalek\Documents\vcs\grupes\241021JSM492VAK\Mokymu-medziaga\11-js-jest\1-paskaita\examplesTesting.js">
      <metrics statements="8" coveredstatements="8" conditionals="2" coveredconditionals="2" methods="4" coveredmethods="4"/>
      <line num="1" count="1" type="stmt"/>
      <line num="4" count="2" type="stmt"/>
      <line num="8" count="2" type="stmt"/>
      <line num="9" count="2" type="stmt"/>
      <line num="10" count="2" type="cond" truecount="2" falsecount="0"/>
      <line num="11" count="1" type="stmt"/>
      <line num="14" count="2" type="stmt"/>
      <line num="23" count="1" type="stmt"/>
    </file>
    <file name="functionTesting.js" path="C:\Users\dalek\Documents\vcs\grupes\241021JSM492VAK\Mokymu-medziaga\11-js-jest\1-paskaita\functionTesting.js">
      <metrics statements="4" coveredstatements="4" conditionals="0" coveredconditionals="0" methods="3" coveredmethods="3"/>
      <line num="2" count="2" type="stmt"/>
      <line num="6" count="1" type="stmt"/>
      <line num="10" count="1" type="stmt"/>
      <line num="13" count="1" type="stmt"/>
    </file>
    <file name="notCovered.js" path="C:\Users\dalek\Documents\vcs\grupes\241021JSM492VAK\Mokymu-medziaga\11-js-jest\1-paskaita\notCovered.js">
      <metrics statements="3" coveredstatements="2" conditionals="0" coveredconditionals="0" methods="1" coveredmethods="0"/>
      <line num="1" count="1" type="stmt"/>
      <line num="8" count="0" type="stmt"/>
      <line num="11" count="1" type="stmt"/>
    </file>
    <file name="objectTesting.js" path="C:\Users\dalek\Documents\vcs\grupes\241021JSM492VAK\Mokymu-medziaga\11-js-jest\1-paskaita\objectTesting.js">
      <metrics statements="3" coveredstatements="3" conditionals="0" coveredconditionals="0" methods="2" coveredmethods="2"/>
      <line num="2" count="1" type="stmt"/>
      <line num="8" count="1" type="stmt"/>
      <line num="14" count="1" type="stmt"/>
    </file>
  </project>
</coverage>
