TN:
SF:asyncTesting.js
FN:1,fetchData
FN:2,(anonymous_1)
FN:3,(anonymous_2)
FNF:3
FNH:3
FNDA:1,fetchData
FNDA:1,(anonymous_1)
FNDA:1,(anonymous_2)
DA:2,1
DA:3,1
DA:7,1
LF:3
LH:3
BRF:0
BRH:0
end_of_record
TN:
SF:examplesTesting.js
FN:3,duokMasyva
FN:7,fakeAPI
FN:8,(anonymous_2)
FN:9,(anonymous_3)
FNF:4
FNH:4
FNDA:2,duokMasyva
FNDA:2,fakeAPI
FNDA:2,(anonymous_2)
FNDA:2,(anonymous_3)
DA:1,1
DA:4,2
DA:8,2
DA:9,2
DA:10,2
DA:11,1
DA:14,2
DA:23,1
LF:8
LH:8
BRDA:10,0,0,1
BRDA:10,0,1,1
BRF:2
BRH:2
end_of_record
TN:
SF:functionTesting.js
FN:1,suma
FN:5,atimti
FN:9,daugyba
FNF:3
FNH:3
FNDA:2,suma
FNDA:1,atimti
FNDA:1,daugyba
DA:2,2
DA:6,1
DA:10,1
DA:13,1
LF:4
LH:4
BRF:0
BRH:0
end_of_record
TN:
SF:notCovered.js
FN:7,random
FNF:1
FNH:0
FNDA:0,random
DA:1,1
DA:8,0
DA:11,1
LF:3
LH:2
BRF:0
BRH:0
end_of_record
TN:
SF:objectTesting.js
FN:1,getName
FN:7,getNameAndAge
FNF:2
FNH:2
FNDA:1,getName
FNDA:1,getNameAndAge
DA:2,1
DA:8,1
DA:14,1
LF:3
LH:3
BRF:0
BRH:0
end_of_record
